This file contains any messages produced by compilers while
running configure, to aid debugging if configure makes a mistake.

It was created by configure, which was
generated by GNU Autoconf 2.65.  Invocation command line was

  $ ./configure --disable-option-checking --prefix=/usr/local --cache-file=/dev/null --srcdir=.

## --------- ##
## Platform. ##
## --------- ##

hostname = aeiltest64
uname -m = x86_64
uname -r = 2.6.28-11-server
uname -s = Linux
uname -v = #42-Ubuntu SMP Fri Apr 17 02:45:36 UTC 2009

/usr/bin/uname -p = unknown
/bin/uname -X     = unknown

/bin/arch              = unknown
/usr/bin/arch -k       = unknown
/usr/convex/getsysinfo = unknown
/usr/bin/hostinfo      = unknown
/bin/machine           = unknown
/usr/bin/oslevel       = unknown
/bin/universe          = unknown

PATH: /usr/java/jdk1.6.0_23/bin
PATH: /usr/local/sbin
PATH: /usr/local/bin
PATH: /usr/sbin
PATH: /usr/bin
PATH: /sbin
PATH: /bin
PATH: /usr/games


## ----------- ##
## Core tests. ##
## ----------- ##

configure:2665: checking for grep that handles long lines and -e
configure:2723: result: /bin/grep
configure:2728: checking for egrep
configure:2790: result: /bin/grep -E
configure:2795: checking for a sed that does not truncate output
configure:2849: result: /bin/sed
configure:2981: checking for cc
configure:2997: found /usr/bin/cc
configure:3008: result: cc
configure:3039: checking for C compiler version
configure:3048: cc --version >&5
cc (Ubuntu 4.4.1-4ubuntu9) 4.4.1
Copyright (C) 2009 Free Software Foundation, Inc.
This is free software; see the source for copying conditions.  There is NO
warranty; not even for MERCHANTABILITY or FITNESS FOR A PARTICULAR PURPOSE.

configure:3059: $? = 0
configure:3048: cc -v >&5
Using built-in specs.
Target: x86_64-linux-gnu
Configured with: ../src/configure -v --with-pkgversion='Ubuntu 4.4.1-4ubuntu9' --with-bugurl=file:///usr/share/doc/gcc-4.4/README.Bugs --enable-languages=c,c++,fortran,objc,obj-c++ --prefix=/usr --enable-shared --enable-multiarch --enable-linker-build-id --with-system-zlib --libexecdir=/usr/lib --without-included-gettext --enable-threads=posix --with-gxx-include-dir=/usr/include/c++/4.4 --program-suffix=-4.4 --enable-nls --enable-clocale=gnu --enable-libstdcxx-debug --enable-objc-gc --disable-werror --with-arch-32=i486 --with-tune=generic --enable-checking=release --build=x86_64-linux-gnu --host=x86_64-linux-gnu --target=x86_64-linux-gnu
Thread model: posix
gcc version 4.4.1 (Ubuntu 4.4.1-4ubuntu9) 
configure:3059: $? = 0
configure:3048: cc -V >&5
cc: '-V' option must have argument
configure:3059: $? = 1
configure:3048: cc -qversion >&5
cc: unrecognized option '-qversion'
cc: no input files
configure:3059: $? = 1
configure:3079: checking whether the C compiler works
configure:3101: cc    conftest.c -lrt -lpthread  >&5
configure:3105: $? = 0
configure:3154: result: yes
configure:3157: checking for C compiler default output file name
configure:3159: result: a.out
configure:3165: checking for suffix of executables
configure:3172: cc -o conftest    conftest.c -lrt -lpthread  >&5
configure:3176: $? = 0
configure:3198: result: 
configure:3220: checking whether we are cross compiling
configure:3228: cc -o conftest    conftest.c -lrt -lpthread  >&5
configure:3232: $? = 0
configure:3239: ./conftest
configure:3243: $? = 0
configure:3258: result: no
configure:3263: checking for suffix of object files
configure:3285: cc -c   conftest.c >&5
configure:3289: $? = 0
configure:3310: result: o
configure:3314: checking whether we are using the GNU C compiler
configure:3333: cc -c   conftest.c >&5
configure:3333: $? = 0
configure:3342: result: yes
configure:3351: checking whether cc accepts -g
configure:3371: cc -c -g  conftest.c >&5
configure:3371: $? = 0
configure:3412: result: yes
configure:3429: checking for cc option to accept ISO C89
configure:3493: cc  -c -g -O2  conftest.c >&5
configure:3493: $? = 0
configure:3506: result: none needed
configure:3532: checking how to run the C preprocessor
configure:3563: cc -E  conftest.c
configure:3563: $? = 0
configure:3577: cc -E  conftest.c
conftest.c:9:28: error: ac_nonexistent.h: No such file or directory
configure:3577: $? = 1
configure: failed program was:
| /* confdefs.h */
| #define PACKAGE_NAME ""
| #define PACKAGE_TARNAME ""
| #define PACKAGE_VERSION ""
| #define PACKAGE_STRING ""
| #define PACKAGE_BUGREPORT ""
| #define PACKAGE_URL ""
| /* end confdefs.h.  */
| #include <ac_nonexistent.h>
configure:3602: result: cc -E
configure:3622: cc -E  conftest.c
configure:3622: $? = 0
configure:3636: cc -E  conftest.c
conftest.c:9:28: error: ac_nonexistent.h: No such file or directory
configure:3636: $? = 1
configure: failed program was:
| /* confdefs.h */
| #define PACKAGE_NAME ""
| #define PACKAGE_TARNAME ""
| #define PACKAGE_VERSION ""
| #define PACKAGE_STRING ""
| #define PACKAGE_BUGREPORT ""
| #define PACKAGE_URL ""
| /* end confdefs.h.  */
| #include <ac_nonexistent.h>
configure:3667: checking for icc
configure:3676: result: no
configure:3690: checking for suncc
configure:3699: result: no
configure:3717: checking whether cc understands -c and -o together
configure:3745: cc -c conftest.c -o conftest2.o >&5
configure:3749: $? = 0
configure:3755: cc -c conftest.c -o conftest2.o >&5
configure:3759: $? = 0
configure:3814: result: yes
configure:3828: checking for system library directory
configure:3846: result: lib
configure:3853: checking if compiler supports -R
configure:3872: cc -o conftest -g -O2   conftest.c -R /usr/lib -lrt -lpthread  >&5
cc: unrecognized option '-R'
/usr/bin/ld: /usr/lib: No such file: File format not recognized
collect2: ld returned 1 exit status
configure:3872: $? = 1
configure: failed program was:
| /* confdefs.h */
| #define PACKAGE_NAME ""
| #define PACKAGE_TARNAME ""
| #define PACKAGE_VERSION ""
| #define PACKAGE_STRING ""
| #define PACKAGE_BUGREPORT ""
| #define PACKAGE_URL ""
| /* end confdefs.h.  */
| 
| int
| main ()
| {
| 
|   ;
|   return 0;
| }
configure:3882: result: no
configure:3887: checking if compiler supports -Wl,-rpath,
configure:3906: cc -o conftest -g -O2   conftest.c -Wl,-rpath,/usr/lib -lrt -lpthread  >&5
configure:3906: $? = 0
configure:3916: result: yes
configure:3955: checking build system type
configure:3969: result: x86_64-unknown-linux-gnu
configure:3989: checking host system type
configure:4002: result: x86_64-unknown-linux-gnu
configure:4022: checking target system type
configure:4035: result: x86_64-unknown-linux-gnu
configure:4141: checking for PHP prefix
configure:4143: result: /usr
configure:4145: checking for PHP includes
configure:4147: result: -I/usr/include/php5 -I/usr/include/php5/main -I/usr/include/php5/TSRM -I/usr/include/php5/Zend -I/usr/include/php5/ext -I/usr/include/php5/ext/date/lib
configure:4149: checking for PHP extension directory
configure:4151: result: /usr/lib/php5/20060613
configure:4153: checking for PHP installed headers prefix
configure:4155: result: /usr/include/php5
configure:4158: checking if debug is enabled
configure:4184: result: no
configure:4187: checking if zts is enabled
configure:4213: result: no
configure:4287: checking for re2c
configure:4317: result: no
configure:4342: WARNING: You will need re2c 0.13.4 or later if you want to regenerate PHP parsers.
configure:4356: checking for gawk
configure:4387: result: no
configure:4356: checking for nawk
configure:4373: found /usr/bin/nawk
configure:4384: result: nawk
configure:4407: checking if nawk is broken
configure:4414: result: no
configure:4428: checking whether to enable the thrift_protocol extension
configure:4470: result: yes, shared
configure:4537: checking for g++
configure:4553: found /usr/bin/g++
configure:4564: result: g++
configure:4591: checking for C++ compiler version
configure:4600: g++ --version >&5
g++ (Ubuntu 4.4.1-4ubuntu9) 4.4.1
Copyright (C) 2009 Free Software Foundation, Inc.
This is free software; see the source for copying conditions.  There is NO
warranty; not even for MERCHANTABILITY or FITNESS FOR A PARTICULAR PURPOSE.

configure:4611: $? = 0
configure:4600: g++ -v >&5
Using built-in specs.
Target: x86_64-linux-gnu
Configured with: ../src/configure -v --with-pkgversion='Ubuntu 4.4.1-4ubuntu9' --with-bugurl=file:///usr/share/doc/gcc-4.4/README.Bugs --enable-languages=c,c++,fortran,objc,obj-c++ --prefix=/usr --enable-shared --enable-multiarch --enable-linker-build-id --with-system-zlib --libexecdir=/usr/lib --without-included-gettext --enable-threads=posix --with-gxx-include-dir=/usr/include/c++/4.4 --program-suffix=-4.4 --enable-nls --enable-clocale=gnu --enable-libstdcxx-debug --enable-objc-gc --disable-werror --with-arch-32=i486 --with-tune=generic --enable-checking=release --build=x86_64-linux-gnu --host=x86_64-linux-gnu --target=x86_64-linux-gnu
Thread model: posix
gcc version 4.4.1 (Ubuntu 4.4.1-4ubuntu9) 
configure:4611: $? = 0
configure:4600: g++ -V >&5
g++: '-V' option must have argument
configure:4611: $? = 1
configure:4600: g++ -qversion >&5
g++: unrecognized option '-qversion'
g++: no input files
configure:4611: $? = 1
configure:4615: checking whether we are using the GNU C++ compiler
configure:4634: g++ -c   conftest.cpp >&5
configure:4634: $? = 0
configure:4643: result: yes
configure:4652: checking whether g++ accepts -g
configure:4672: g++ -c -g  conftest.cpp >&5
configure:4672: $? = 0
configure:4713: result: yes
configure:4741: checking how to run the C++ preprocessor
configure:4768: g++ -E  conftest.cpp
configure:4768: $? = 0
configure:4782: g++ -E  conftest.cpp
conftest.cpp:9:28: error: ac_nonexistent.h: No such file or directory
configure:4782: $? = 1
configure: failed program was:
| /* confdefs.h */
| #define PACKAGE_NAME ""
| #define PACKAGE_TARNAME ""
| #define PACKAGE_VERSION ""
| #define PACKAGE_STRING ""
| #define PACKAGE_BUGREPORT ""
| #define PACKAGE_URL ""
| /* end confdefs.h.  */
| #include <ac_nonexistent.h>
configure:4807: result: g++ -E
configure:4827: g++ -E  conftest.cpp
configure:4827: $? = 0
configure:4841: g++ -E  conftest.cpp
conftest.cpp:9:28: error: ac_nonexistent.h: No such file or directory
configure:4841: $? = 1
configure: failed program was:
| /* confdefs.h */
| #define PACKAGE_NAME ""
| #define PACKAGE_TARNAME ""
| #define PACKAGE_VERSION ""
| #define PACKAGE_STRING ""
| #define PACKAGE_BUGREPORT ""
| #define PACKAGE_URL ""
| /* end confdefs.h.  */
| #include <ac_nonexistent.h>
configure:5356: checking for ld used by cc
configure:5423: result: /usr/bin/ld
configure:5430: checking if the linker (/usr/bin/ld) is GNU ld
configure:5445: result: yes
configure:5450: checking for /usr/bin/ld option to reload object files
configure:5457: result: -r
configure:5475: checking for BSD-compatible nm
configure:5524: result: /usr/bin/nm -B
configure:5528: checking whether ln -s works
configure:5532: result: yes
configure:5539: checking how to recognize dependent libraries
configure:5725: result: pass_all
configure:5810: cc -c -g -O2  conftest.c >&5
configure:5813: $? = 0
configure:5937: checking for ANSI C header files
configure:5957: cc -c -g -O2  conftest.c >&5
configure:5957: $? = 0
configure:6030: cc -o conftest -g -O2   conftest.c -lrt -lpthread  >&5
configure:6030: $? = 0
configure:6030: ./conftest
configure:6030: $? = 0
configure:6041: result: yes
configure:6054: checking for sys/types.h
configure:6054: cc -c -g -O2  conftest.c >&5
configure:6054: $? = 0
configure:6054: result: yes
configure:6054: checking for sys/stat.h
configure:6054: cc -c -g -O2  conftest.c >&5
configure:6054: $? = 0
configure:6054: result: yes
configure:6054: checking for stdlib.h
configure:6054: cc -c -g -O2  conftest.c >&5
configure:6054: $? = 0
configure:6054: result: yes
configure:6054: checking for string.h
configure:6054: cc -c -g -O2  conftest.c >&5
configure:6054: $? = 0
configure:6054: result: yes
configure:6054: checking for memory.h
configure:6054: cc -c -g -O2  conftest.c >&5
configure:6054: $? = 0
configure:6054: result: yes
configure:6054: checking for strings.h
configure:6054: cc -c -g -O2  conftest.c >&5
configure:6054: $? = 0
configure:6054: result: yes
configure:6054: checking for inttypes.h
configure:6054: cc -c -g -O2  conftest.c >&5
configure:6054: $? = 0
configure:6054: result: yes
configure:6054: checking for stdint.h
configure:6054: cc -c -g -O2  conftest.c >&5
configure:6054: $? = 0
configure:6054: result: yes
configure:6054: checking for unistd.h
configure:6054: cc -c -g -O2  conftest.c >&5
configure:6054: $? = 0
configure:6054: result: yes
configure:6069: checking dlfcn.h usability
configure:6069: cc -c -g -O2  conftest.c >&5
configure:6069: $? = 0
configure:6069: result: yes
configure:6069: checking dlfcn.h presence
configure:6069: cc -E  conftest.c
configure:6069: $? = 0
configure:6069: result: yes
configure:6069: checking for dlfcn.h
configure:6069: result: yes
configure:6089: checking how to run the C++ preprocessor
configure:6155: result: g++ -E
configure:6175: g++ -E  conftest.cpp
configure:6175: $? = 0
configure:6189: g++ -E  conftest.cpp
conftest.cpp:21:28: error: ac_nonexistent.h: No such file or directory
configure:6189: $? = 1
configure: failed program was:
| /* confdefs.h */
| #define PACKAGE_NAME ""
| #define PACKAGE_TARNAME ""
| #define PACKAGE_VERSION ""
| #define PACKAGE_STRING ""
| #define PACKAGE_BUGREPORT ""
| #define PACKAGE_URL ""
| #define COMPILE_DL_THRIFT_PROTOCOL 1
| #define STDC_HEADERS 1
| #define HAVE_SYS_TYPES_H 1
| #define HAVE_SYS_STAT_H 1
| #define HAVE_STDLIB_H 1
| #define HAVE_STRING_H 1
| #define HAVE_MEMORY_H 1
| #define HAVE_STRINGS_H 1
| #define HAVE_INTTYPES_H 1
| #define HAVE_STDINT_H 1
| #define HAVE_UNISTD_H 1
| #define HAVE_DLFCN_H 1
| /* end confdefs.h.  */
| #include <ac_nonexistent.h>
configure:6222: checking the maximum length of command line arguments
configure:6334: result: 1572864
configure:6346: checking command to parse /usr/bin/nm -B output from cc object
configure:6451: g++ -c -g -O2  conftest.cpp >&5
configure:6454: $? = 0
configure:6458: /usr/bin/nm -B conftest.o \| sed -n -e 's/^.*[ 	]\([ABCDGIRSTW][ABCDGIRSTW]*\)[ 	][ 	]*\([_A-Za-z][_A-Za-z0-9]*\)$/\1 \2 \2/p' \> conftest.nm
configure:6461: $? = 0
configure:6513: g++ -o conftest -g -O2   conftest.cpp conftstm.o >&5
configure:6516: $? = 0
configure:6554: result: ok
configure:6558: checking for objdir
configure:6573: result: .libs
configure:6665: checking for ar
configure:6681: found /usr/bin/ar
configure:6692: result: ar
configure:6757: checking for ranlib
configure:6773: found /usr/bin/ranlib
configure:6784: result: ranlib
configure:6849: checking for strip
configure:6865: found /usr/bin/strip
configure:6876: result: strip
configure:7445: checking if cc supports -fno-rtti -fno-exceptions
configure:7463: cc -c -g -O2  -fno-rtti -fno-exceptions conftest.c >&5
cc1: warning: command line option "-fno-rtti" is valid for C++/ObjC++ but not for C
configure:7467: $? = 0
configure:7480: result: no
configure:7495: checking for cc option to produce PIC
configure:7735: result: -fPIC
configure:7743: checking if cc PIC flag -fPIC works
configure:7761: cc -c -g -O2  -fPIC -DPIC conftest.c >&5
configure:7765: $? = 0
configure:7778: result: yes
configure:7806: checking if cc static flag -static works
configure:7834: result: yes
configure:7844: checking if cc supports -c -o file.o
configure:7865: cc -c -g -O2  -o out/conftest2.o conftest.c >&5
configure:7869: $? = 0
configure:7891: result: yes
configure:7917: checking whether the cc linker (/usr/bin/ld -m elf_x86_64) supports shared libraries
configure:8849: result: yes
configure:8870: checking whether -lc should be explicitly linked in
configure:8875: cc -c -g -O2  conftest.c >&5
configure:8878: $? = 0
configure:8893: cc -shared conftest.o  -v -Wl,-soname -Wl,conftest -o conftest 2\>\&1 \| grep  -lc  \>/dev/null 2\>\&1
configure:8896: $? = 0
configure:8908: result: no
configure:8916: checking dynamic linker characteristics
configure:9518: result: GNU/Linux ld.so
configure:9542: checking how to hardcode library paths into programs
configure:9567: result: immediate
configure:9581: checking whether stripping libraries is possible
configure:9586: result: yes
configure:10103: checking if libtool supports shared libraries
configure:10105: result: yes
configure:10108: checking whether to build shared libraries
configure:10129: result: yes
configure:10132: checking whether to build static libraries
configure:10136: result: no
configure:10231: result:
creating libtool
configure:10822: checking for ld used by g++
configure:10889: result: /usr/bin/ld -m elf_x86_64
configure:10896: checking if the linker (/usr/bin/ld -m elf_x86_64) is GNU ld
configure:10911: result: yes
configure:10962: checking whether the g++ linker (/usr/bin/ld -m elf_x86_64) supports shared libraries
configure:11860: result: yes
configure:11881: g++ -c -g -O2  conftest.cpp >&5
configure:11884: $? = 0
configure:12040: checking for g++ option to produce PIC
configure:12330: result: -fPIC
configure:12338: checking if g++ PIC flag -fPIC works
configure:12356: g++ -c -g -O2  -fPIC -DPIC conftest.cpp >&5
configure:12360: $? = 0
configure:12373: result: yes
configure:12401: checking if g++ static flag -static works
configure:12429: result: yes
configure:12439: checking if g++ supports -c -o file.o
configure:12460: g++ -c -g -O2  -o out/conftest2.o conftest.cpp >&5
configure:12464: $? = 0
configure:12486: result: yes
configure:12512: checking whether the g++ linker (/usr/bin/ld -m elf_x86_64) supports shared libraries
configure:12538: result: yes
configure:12605: checking dynamic linker characteristics
configure:13155: result: GNU/Linux ld.so
configure:13179: checking how to hardcode library paths into programs
configure:13204: result: immediate
configure:13922: creating ./config.status

## ---------------------- ##
## Running config.status. ##
## ---------------------- ##

This file was extended by config.status, which was
generated by GNU Autoconf 2.65.  Invocation command line was

  CONFIG_FILES    = 
  CONFIG_HEADERS  = 
  CONFIG_LINKS    = 
  CONFIG_COMMANDS = 
  $ ./config.status 

on aeiltest64

config.status:680: creating config.h
config.status:770: config.h is unchanged

## ---------------- ##
## Cache variables. ##
## ---------------- ##

ac_cv_build=x86_64-unknown-linux-gnu
ac_cv_c_compiler_gnu=yes
ac_cv_cxx_compiler_gnu=yes
ac_cv_env_CCC_set=
ac_cv_env_CCC_value=
ac_cv_env_CC_set=
ac_cv_env_CC_value=
ac_cv_env_CFLAGS_set=
ac_cv_env_CFLAGS_value=
ac_cv_env_CPPFLAGS_set=set
ac_cv_env_CPPFLAGS_value=
ac_cv_env_CPP_set=
ac_cv_env_CPP_value=
ac_cv_env_CXXCPP_set=
ac_cv_env_CXXCPP_value=
ac_cv_env_CXXFLAGS_set=
ac_cv_env_CXXFLAGS_value=
ac_cv_env_CXX_set=
ac_cv_env_CXX_value=
ac_cv_env_LDFLAGS_set=set
ac_cv_env_LDFLAGS_value=
ac_cv_env_LIBS_set=set
ac_cv_env_LIBS_value='-lrt -lpthread '
ac_cv_env_build_alias_set=
ac_cv_env_build_alias_value=
ac_cv_env_host_alias_set=
ac_cv_env_host_alias_value=
ac_cv_env_target_alias_set=
ac_cv_env_target_alias_value=
ac_cv_header_dlfcn_h=yes
ac_cv_header_inttypes_h=yes
ac_cv_header_memory_h=yes
ac_cv_header_stdc=yes
ac_cv_header_stdint_h=yes
ac_cv_header_stdlib_h=yes
ac_cv_header_string_h=yes
ac_cv_header_strings_h=yes
ac_cv_header_sys_stat_h=yes
ac_cv_header_sys_types_h=yes
ac_cv_header_unistd_h=yes
ac_cv_host=x86_64-unknown-linux-gnu
ac_cv_objext=o
ac_cv_path_EGREP='/bin/grep -E'
ac_cv_path_GREP=/bin/grep
ac_cv_prog_AWK=nawk
ac_cv_prog_CPP='cc -E'
ac_cv_prog_CXXCPP='g++ -E'
ac_cv_prog_ac_ct_AR=ar
ac_cv_prog_ac_ct_CC=cc
ac_cv_prog_ac_ct_CXX=g++
ac_cv_prog_ac_ct_RANLIB=ranlib
ac_cv_prog_ac_ct_STRIP=strip
ac_cv_prog_cc_c89=
ac_cv_prog_cc_cc_c_o=yes
ac_cv_prog_cc_g=yes
ac_cv_prog_cxx_g=yes
ac_cv_target=x86_64-unknown-linux-gnu
lt_cv_deplibs_check_method=pass_all
lt_cv_file_magic_cmd='$MAGIC_CMD'
lt_cv_file_magic_test_file=
lt_cv_ld_reload_flag=-r
lt_cv_objdir=.libs
lt_cv_path_LD=/usr/bin/ld
lt_cv_path_LDCXX='/usr/bin/ld -m elf_x86_64'
lt_cv_path_NM='/usr/bin/nm -B'
lt_cv_path_SED=/bin/sed
lt_cv_prog_compiler_c_o=yes
lt_cv_prog_compiler_c_o_CXX=yes
lt_cv_prog_compiler_pic_works=yes
lt_cv_prog_compiler_pic_works_CXX=yes
lt_cv_prog_compiler_rtti_exceptions=no
lt_cv_prog_compiler_static_works=yes
lt_cv_prog_compiler_static_works_CXX=yes
lt_cv_prog_gnu_ld=yes
lt_cv_prog_gnu_ldcxx=yes
lt_cv_sys_global_symbol_pipe='sed -n -e '\''s/^.*[ 	]\([ABCDGIRSTW][ABCDGIRSTW]*\)[ 	][ 	]*\([_A-Za-z][_A-Za-z0-9]*\)$/\1 \2 \2/p'\'''
lt_cv_sys_global_symbol_to_c_name_address='sed -n -e '\''s/^: \([^ ]*\) $/  {\"\1\", (lt_ptr) 0},/p'\'' -e '\''s/^[BCDEGRST] \([^ ]*\) \([^ ]*\)$/  {"\2", (lt_ptr) \&\2},/p'\'''
lt_cv_sys_global_symbol_to_cdecl='sed -n -e '\''s/^. .* \(.*\)$/extern int \1;/p'\'''
lt_cv_sys_lib_dlsearch_path_spec='/lib /usr/lib /usr/local/lib /lib/x86_64-linux-gnu /usr/lib/x86_64-linux-gnu '
lt_cv_sys_lib_search_path_spec='/usr/lib/gcc/x86_64-linux-gnu/4.4.1 /usr/lib /lib'
lt_cv_sys_max_cmd_len=1572864
lt_lt_cv_prog_compiler_c_o='"yes"'
lt_lt_cv_prog_compiler_c_o_CXX='"yes"'
lt_lt_cv_sys_global_symbol_pipe='"sed -n -e '\''s/^.*[ 	]\\([ABCDGIRSTW][ABCDGIRSTW]*\\)[ 	][ 	]*\\([_A-Za-z][_A-Za-z0-9]*\\)\$/\\1 \\2 \\2/p'\''"'
lt_lt_cv_sys_global_symbol_to_c_name_address='"sed -n -e '\''s/^: \\([^ ]*\\) \$/  {\\\"\\1\\\", (lt_ptr) 0},/p'\'' -e '\''s/^[BCDEGRST] \\([^ ]*\\) \\([^ ]*\\)\$/  {\"\\2\", (lt_ptr) \\&\\2},/p'\''"'
lt_lt_cv_sys_global_symbol_to_cdecl='"sed -n -e '\''s/^. .* \\(.*\\)\$/extern int \\1;/p'\''"'
php_cv_cc_dashr=no
php_cv_cc_rpath=yes

## ----------------- ##
## Output variables. ##
## ----------------- ##

AR='ar'
AWK='nawk'
CC='cc'
CFLAGS='-g -O2'
CONFIGURE_COMMAND=' '\''./configure'\''  '\''--disable-option-checking'\'' '\''--prefix=/usr/local'\'' '\''--cache-file=/dev/null'\'' '\''--srcdir=.'\'''
CONFIGURE_OPTIONS=' '\''--disable-option-checking'\'' '\''--prefix=/usr/local'\'' '\''--cache-file=/dev/null'\'' '\''--srcdir=.'\'''
CPP='cc -E'
CPPFLAGS=' -DHAVE_CONFIG_H'
CXX='g++'
CXXCPP='g++ -E'
CXXFLAGS='-g -O2'
DEFS='-DHAVE_CONFIG_H'
DSYMUTIL=''
ECHO='echo'
ECHO_C=''
ECHO_N='-n'
ECHO_T=''
EGREP='/bin/grep -E'
EXEEXT=''
GREP='/bin/grep'
LDFLAGS=''
LIBOBJS=''
LIBS='-lrt -lpthread '
LIBTOOL='$(SHELL) $(top_builddir)/libtool'
LN_S='ln -s'
LTLIBOBJS=''
NMEDIT=''
OBJEXT='o'
PACKAGE_BUGREPORT=''
PACKAGE_NAME=''
PACKAGE_STRING=''
PACKAGE_TARNAME=''
PACKAGE_URL=''
PACKAGE_VERSION=''
PATH_SEPARATOR=':'
RANLIB='ranlib'
RE2C='exit 0;'
SED='/bin/sed'
SHELL='/bin/bash'
SHLIB_DL_SUFFIX_NAME='so'
SHLIB_SUFFIX_NAME='so'
STRIP='strip'
ac_ct_CC='cc'
ac_ct_CXX='g++'
bindir='${exec_prefix}/bin'
build='x86_64-unknown-linux-gnu'
build_alias=''
build_cpu='x86_64'
build_os='linux-gnu'
build_vendor='unknown'
datadir='${datarootdir}'
datarootdir='${prefix}/share'
docdir='${datarootdir}/doc/${PACKAGE}'
dvidir='${docdir}'
exec_prefix='$(prefix)'
host='x86_64-unknown-linux-gnu'
host_alias='x86_64-unknown-linux-gnu'
host_cpu='x86_64'
host_os='linux-gnu'
host_vendor='unknown'
htmldir='${docdir}'
includedir='${prefix}/include'
infodir='${datarootdir}/info'
libdir='${exec_prefix}/lib'
libexecdir='${exec_prefix}/libexec'
localedir='${datarootdir}/locale'
localstatedir='${prefix}/var'
mandir='${datarootdir}/man'
oldincludedir='/usr/include'
pdfdir='${docdir}'
prefix='/usr'
program_transform_name='s,x,x,'
psdir='${docdir}'
sbindir='${exec_prefix}/sbin'
sharedstatedir='${prefix}/com'
sysconfdir='${prefix}/etc'
target='x86_64-unknown-linux-gnu'
target_alias=''
target_cpu='x86_64'
target_os='linux-gnu'
target_vendor='unknown'

## ----------- ##
## confdefs.h. ##
## ----------- ##

/* confdefs.h */
#define PACKAGE_NAME ""
#define PACKAGE_TARNAME ""
#define PACKAGE_VERSION ""
#define PACKAGE_STRING ""
#define PACKAGE_BUGREPORT ""
#define PACKAGE_URL ""
#define COMPILE_DL_THRIFT_PROTOCOL 1
#define STDC_HEADERS 1
#define HAVE_SYS_TYPES_H 1
#define HAVE_SYS_STAT_H 1
#define HAVE_STDLIB_H 1
#define HAVE_STRING_H 1
#define HAVE_MEMORY_H 1
#define HAVE_STRINGS_H 1
#define HAVE_INTTYPES_H 1
#define HAVE_STDINT_H 1
#define HAVE_UNISTD_H 1
#define HAVE_DLFCN_H 1

configure: exit 0
